# JRE version: OpenJDK Runtime Environment Temurin-17.0.9+9 (17.0.9+9) (build 17.0.9+9)
# Java VM: OpenJDK 64-Bit Server VM Temurin-17.0.9+9 (17.0.9+9, mixed mode, sharing, tiered, compressed oops, compressed class ptrs, g1 gc, windows-amd64)
GC Precious Log:
 CPUs: 12 total, 12 available
 Memory: 24367M
 Large Page Support: Disabled
 NUMA Support: Disabled
 Compressed Oops: Enabled (Zero based)
 Heap Region Size: 4M
 Heap Min Capacity: 8M
 Heap Initial Capacity: 384M
 Heap Max Capacity: 6092M
 Pre-touch: Disabled
 Parallel Workers: 10
 Concurrent Workers: 3
 Concurrent Refinement Workers: 10
 Periodic GC: Disabled
Heap:
 garbage-first heap   total 139264K, used 85995K [0x0000000683400000, 0x0000000800000000)
  region size 4096K, 6 young (24576K), 1 survivors (4096K)
 Metaspace       used 77390K, committed 78080K, reserved 1179648K
  class space    used 8784K, committed 9088K, reserved 1048576K
GC Heap History (20 events):
Event: 5.143 GC heap before
{Heap before GC invocations=15 (full 0):
 garbage-first heap   total 69632K, used 45714K [0x0000000683400000, 0x0000000800000000)
  region size 4096K, 4 young (16384K), 1 survivors (4096K)
 Metaspace       used 58371K, committed 59008K, reserved 1114112K
  class space    used 6359K, committed 6656K, reserved 1048576K
}
Event: 5.145 GC heap after
{Heap after GC invocations=16 (full 0):
 garbage-first heap   total 69632K, used 33891K [0x0000000683400000, 0x0000000800000000)
  region size 4096K, 1 young (4096K), 1 survivors (4096K)
 Metaspace       used 58371K, committed 59008K, reserved 1114112K
  class space    used 6359K, committed 6656K, reserved 1048576K
}
Event: 5.204 GC heap before
{Heap before GC invocations=16 (full 0):
 garbage-first heap   total 69632K, used 37987K [0x0000000683400000, 0x0000000800000000)
  region size 4096K, 2 young (8192K), 1 survivors (4096K)
 Metaspace       used 58654K, committed 59328K, reserved 1114112K
  class space    used 6402K, committed 6720K, reserved 1048576K
}
Event: 5.206 GC heap after
{Heap after GC invocations=17 (full 0):
 garbage-first heap   total 69632K, used 33593K [0x0000000683400000, 0x0000000800000000)
  region size 4096K, 1 young (4096K), 1 survivors (4096K)
 Metaspace       used 58654K, committed 59328K, reserved 1114112K
  class space    used 6402K, committed 6720K, reserved 1048576K
}
Event: 5.291 GC heap before
{Heap before GC invocations=17 (full 0):
 garbage-first heap   total 69632K, used 49977K [0x0000000683400000, 0x0000000800000000)
  region size 4096K, 5 young (20480K), 1 survivors (4096K)
 Metaspace       used 58796K, committed 59456K, reserved 1114112K
  class space    used 6418K, committed 6720K, reserved 1048576K
}
Event: 5.293 GC heap after
{Heap after GC invocations=18 (full 0):
 garbage-first heap   total 233472K, used 35335K [0x0000000683400000, 0x0000000800000000)
  region size 4096K, 1 young (4096K), 1 survivors (4096K)
 Metaspace       used 58796K, committed 59456K, reserved 1114112K
  class space    used 6418K, committed 6720K, reserved 1048576K
}
Event: 5.641 GC heap before
{Heap before GC invocations=19 (full 0):
 garbage-first heap   total 139264K, used 113159K [0x0000000683400000, 0x0000000800000000)
  region size 4096K, 21 young (86016K), 1 survivors (4096K)
 Metaspace       used 59521K, committed 60160K, reserved 1114112K
  class space    used 6474K, committed 6784K, reserved 1048576K
}
Event: 5.644 GC heap after
{Heap after GC invocations=20 (full 0):
 garbage-first heap   total 139264K, used 41705K [0x0000000683400000, 0x0000000800000000)
  region size 4096K, 3 young (12288K), 3 survivors (12288K)
 Metaspace       used 59521K, committed 60160K, reserved 1114112K
  class space    used 6474K, committed 6784K, reserved 1048576K
}
Event: 5.756 GC heap before
{Heap before GC invocations=20 (full 0):
 garbage-first heap   total 139264K, used 94953K [0x0000000683400000, 0x0000000800000000)
  region size 4096K, 17 young (69632K), 3 survivors (12288K)
 Metaspace       used 59542K, committed 60160K, reserved 1114112K
  class space    used 6474K, committed 6784K, reserved 1048576K
}
Event: 5.759 GC heap after
{Heap after GC invocations=21 (full 0):
 garbage-first heap   total 139264K, used 47339K [0x0000000683400000, 0x0000000800000000)
  region size 4096K, 2 young (8192K), 2 survivors (8192K)
 Metaspace       used 59542K, committed 60160K, reserved 1114112K
  class space    used 6474K, committed 6784K, reserved 1048576K
}
Event: 6.067 GC heap before
{Heap before GC invocations=21 (full 0):
 garbage-first heap   total 139264K, used 96491K [0x0000000683400000, 0x0000000800000000)
  region size 4096K, 14 young (57344K), 2 survivors (8192K)
 Metaspace       used 61425K, committed 62016K, reserved 1114112K
  class space    used 6744K, committed 6976K, reserved 1048576K
}
Event: 6.070 GC heap after
{Heap after GC invocations=22 (full 0):
 garbage-first heap   total 139264K, used 51272K [0x0000000683400000, 0x0000000800000000)
  region size 4096K, 2 young (8192K), 2 survivors (8192K)
 Metaspace       used 61425K, committed 62016K, reserved 1114112K
  class space    used 6744K, committed 6976K, reserved 1048576K
}
Event: 6.320 GC heap before
{Heap before GC invocations=22 (full 0):
 garbage-first heap   total 139264K, used 100424K [0x0000000683400000, 0x0000000800000000)
  region size 4096K, 14 young (57344K), 2 survivors (8192K)
 Metaspace       used 62476K, committed 63040K, reserved 1114112K
  class space    used 7124K, committed 7360K, reserved 1048576K
}
Event: 6.321 GC heap after
{Heap after GC invocations=23 (full 0):
 garbage-first heap   total 139264K, used 56349K [0x0000000683400000, 0x0000000800000000)
  region size 4096K, 2 young (8192K), 2 survivors (8192K)
 Metaspace       used 62476K, committed 63040K, reserved 1114112K
  class space    used 7124K, committed 7360K, reserved 1048576K
}
Event: 6.422 GC heap before
{Heap before GC invocations=23 (full 0):
 garbage-first heap   total 139264K, used 101405K [0x0000000683400000, 0x0000000800000000)
  region size 4096K, 13 young (53248K), 2 survivors (8192K)
 Metaspace       used 62602K, committed 63232K, reserved 1114112K
  class space    used 7148K, committed 7424K, reserved 1048576K
}
Event: 6.425 GC heap after
{Heap after GC invocations=24 (full 0):
 garbage-first heap   total 139264K, used 61854K [0x0000000683400000, 0x0000000800000000)
  region size 4096K, 2 young (8192K), 2 survivors (8192K)
 Metaspace       used 62602K, committed 63232K, reserved 1114112K
  class space    used 7148K, committed 7424K, reserved 1048576K
}
Event: 7.409 GC heap before
{Heap before GC invocations=24 (full 0):
 garbage-first heap   total 139264K, used 94622K [0x0000000683400000, 0x0000000800000000)
  region size 4096K, 11 young (45056K), 2 survivors (8192K)
 Metaspace       used 69398K, committed 70016K, reserved 1114112K
  class space    used 7727K, committed 8000K, reserved 1048576K
}
Event: 7.413 GC heap after
{Heap after GC invocations=25 (full 0):
 garbage-first heap   total 139264K, used 67430K [0x0000000683400000, 0x0000000800000000)
  region size 4096K, 2 young (8192K), 2 survivors (8192K)
 Metaspace       used 69398K, committed 70016K, reserved 1114112K
  class space    used 7727K, committed 8000K, reserved 1048576K
}
Event: 9.266 GC heap before
{Heap before GC invocations=25 (full 0):
 garbage-first heap   total 139264K, used 100198K [0x0000000683400000, 0x0000000800000000)
  region size 4096K, 10 young (40960K), 2 survivors (8192K)
 Metaspace       used 76470K, committed 77120K, reserved 1179648K
  class space    used 8634K, committed 8960K, reserved 1048576K
}
Event: 9.270 GC heap after
{Heap after GC invocations=26 (full 0):
 garbage-first heap   total 139264K, used 69611K [0x0000000683400000, 0x0000000800000000)
  region size 4096K, 1 young (4096K), 1 survivors (4096K)
 Metaspace       used 76470K, committed 77120K, reserved 1179648K
  class space    used 8634K, committed 8960K, reserved 1048576K
}

